build/outputs/logs/manifest-merger-debug-report.txt
-- Merging decision tree log ---
manifest
ADDED from diantu_daikuan_2.3.0\AndroidManifest.xml:1:1-468:12
	package
		ADDED from diantu_daikuan_2.3.0\AndroidManifest.xml:3:11-44
	android:versionName
		ADDED from diantu_daikuan_2.3.0\AndroidManifest.xml:5:11-38
		INJECTED from diantu_daikuan_2.3.0\AndroidManifest.xml
		INJECTED from diantu_daikuan_2.3.0\AndroidManifest.xml
	xmlns:tools
		ADDED from diantu_daikuan_2.3.0\AndroidManifest.xml:2:11-57
	android:versionCode
		ADDED from diantu_daikuan_2.3.0\AndroidManifest.xml:4:11-35
		INJECTED from diantu_daikuan_2.3.0\AndroidManifest.xml
		INJECTED from diantu_daikuan_2.3.0\AndroidManifest.xml
	xmlns:android
		ADDED from diantu_daikuan_2.3.0\AndroidManifest.xml:1:11-69
uses-sdk
ADDED from diantu_daikuan_2.3.0\AndroidManifest.xml:7:5-10:77
MERGED from [com.android.support:multidex:1.0.1] AndroidManifest.xml:18:5-42
MERGED from [diantu_daikuan_2.3.0:handmarkPulltorefreshLibrary-master:unspecified] AndroidManifest.xml:7:5-44
MERGED from [diantu_daikuan_2.3.0:wheel_lib:unspecified] AndroidManifest.xml:7:5-9:40
MERGED from [diantu_daikuan_2.3.0:android-auto-scroll-view-pager-master:unspecified] AndroidManifest.xml:7:5-43
MERGED from [com.android.support:support-v4:23.0.1] AndroidManifest.xml:20:5-43
MERGED from [diantu_daikuan_2.3.0:imgload_lib:unspecified] AndroidManifest.xml:7:5-9:41
MERGED from [diantu_daikuan_2.3.0:okhttp_lib:unspecified] AndroidManifest.xml:7:5-9:41
MERGED from [com.android.support:support-v4:23.0.1] AndroidManifest.xml:20:5-43
MERGED from [diantu_daikuan_2.3.0:umeng_social_sdk_library:unspecified] AndroidManifest.xml:7:5-44
MERGED from [diantu_daikuan_2.3.0:umeng_push_lib:unspecified] AndroidManifest.xml:8:5-44
MERGED from [com.android.support:support-v4:23.0.1] AndroidManifest.xml:20:5-43
MERGED from [diantu_daikuan_2.3.0:immortalviewpager:unspecified] AndroidManifest.xml:7:5-9:41
MERGED from [com.android.support:support-v4:23.0.1] AndroidManifest.xml:20:5-43
MERGED from [diantu_daikuan_2.3.0:DoubleDatePicker-master:unspecified] AndroidManifest.xml:7:5-9:41
MERGED from [diantu_daikuan_2.3.0:android-flowlayout-master-lib:unspecified] AndroidManifest.xml:7:5-9:41
MERGED from [diantu_daikuan_2.3.0:GaoDeLib:unspecified] AndroidManifest.xml:7:5-9:41
MERGED from [com.android.support:multidex:1.0.1] AndroidManifest.xml:18:5-42
	tools:overrideLibrary
		ADDED from diantu_daikuan_2.3.0\AndroidManifest.xml:10:9-75
	android:targetSdkVersion
		ADDED from diantu_daikuan_2.3.0\AndroidManifest.xml:9:9-38
	android:minSdkVersion
		ADDED from diantu_daikuan_2.3.0\AndroidManifest.xml:8:9-35
uses-permission#android.permission.WRITE_EXTERNAL_STORAGE
ADDED from diantu_daikuan_2.3.0\AndroidManifest.xml:14:5-81
MERGED from [diantu_daikuan_2.3.0:umeng_social_sdk_library:unspecified] AndroidManifest.xml:12:5-81
MERGED from [diantu_daikuan_2.3.0:umeng_push_lib:unspecified] AndroidManifest.xml:15:5-81
MERGED from [diantu_daikuan_2.3.0:GaoDeLib:unspecified] AndroidManifest.xml:13:5-81
	android:name
		ADDED from diantu_daikuan_2.3.0\AndroidManifest.xml:14:22-78
uses-permission#android.permission.MOUNT_UNMOUNT_FILESYSTEMS
ADDED from diantu_daikuan_2.3.0\AndroidManifest.xml:15:5-84
	android:name
		ADDED from diantu_daikuan_2.3.0\AndroidManifest.xml:15:22-81
uses-permission#android.permission.READ_EXTERNAL_STORAGE
ADDED from diantu_daikuan_2.3.0\AndroidManifest.xml:16:5-80
	android:name
		ADDED from diantu_daikuan_2.3.0\AndroidManifest.xml:16:22-77
uses-permission#android.permission.RECEIVE_BOOT_COMPLETED
ADDED from diantu_daikuan_2.3.0\AndroidManifest.xml:17:5-81
MERGED from [diantu_daikuan_2.3.0:umeng_push_lib:unspecified] AndroidManifest.xml:21:5-81
	android:name
		ADDED from diantu_daikuan_2.3.0\AndroidManifest.xml:17:22-78
uses-permission#android.permission.ACCESS_NETWORK_STATE
ADDED from diantu_daikuan_2.3.0\AndroidManifest.xml:18:5-79
MERGED from [diantu_daikuan_2.3.0:umeng_social_sdk_library:unspecified] AndroidManifest.xml:9:5-79
MERGED from [diantu_daikuan_2.3.0:umeng_push_lib:unspecified] AndroidManifest.xml:13:5-79
MERGED from [diantu_daikuan_2.3.0:GaoDeLib:unspecified] AndroidManifest.xml:15:5-79
	android:name
		ADDED from diantu_daikuan_2.3.0\AndroidManifest.xml:18:22-76
uses-permission#android.permission.ACCESS_LOCATION_EXTRA_COMMANDS
ADDED from diantu_daikuan_2.3.0\AndroidManifest.xml:19:5-89
	android:name
		ADDED from diantu_daikuan_2.3.0\AndroidManifest.xml:19:22-86
uses-permission#android.permission.WAKE_LOCK
ADDED from diantu_daikuan_2.3.0\AndroidManifest.xml:20:5-68
MERGED from [diantu_daikuan_2.3.0:umeng_push_lib:unspecified] AndroidManifest.xml:16:5-68
MERGED from [diantu_daikuan_2.3.0:GaoDeLib:unspecified] AndroidManifest.xml:21:5-68
	android:name
		ADDED from diantu_daikuan_2.3.0\AndroidManifest.xml:20:22-65
uses-permission#android.permission.RECEIVE_USER_PRESENT
ADDED from diantu_daikuan_2.3.0\AndroidManifest.xml:21:5-79
	android:name
		ADDED from diantu_daikuan_2.3.0\AndroidManifest.xml:21:22-76
uses-permission#android.permission.ACCESS_WIFI_STATE
ADDED from diantu_daikuan_2.3.0\AndroidManifest.xml:22:5-76
MERGED from [diantu_daikuan_2.3.0:umeng_social_sdk_library:unspecified] AndroidManifest.xml:10:5-76
MERGED from [diantu_daikuan_2.3.0:umeng_push_lib:unspecified] AndroidManifest.xml:14:5-76
MERGED from [diantu_daikuan_2.3.0:GaoDeLib:unspecified] AndroidManifest.xml:19:5-76
	android:name
		ADDED from diantu_daikuan_2.3.0\AndroidManifest.xml:22:22-73
uses-permission#android.permission.CHANGE_WIFI_STATE
ADDED from diantu_daikuan_2.3.0\AndroidManifest.xml:23:5-76
MERGED from [diantu_daikuan_2.3.0:umeng_push_lib:unspecified] AndroidManifest.xml:19:5-76
MERGED from [diantu_daikuan_2.3.0:GaoDeLib:unspecified] AndroidManifest.xml:18:5-76
	android:name
		ADDED from diantu_daikuan_2.3.0\AndroidManifest.xml:23:22-73
uses-permission#android.permission.GET_TASKS
ADDED from diantu_daikuan_2.3.0\AndroidManifest.xml:24:5-68
MERGED from [diantu_daikuan_2.3.0:umeng_social_sdk_library:unspecified] AndroidManifest.xml:18:5-68
MERGED from [diantu_daikuan_2.3.0:umeng_push_lib:unspecified] AndroidManifest.xml:20:5-68
	android:name
		ADDED from diantu_daikuan_2.3.0\AndroidManifest.xml:24:22-65
uses-permission#android.permission.READ_LOGS
ADDED from diantu_daikuan_2.3.0\AndroidManifest.xml:25:5-68
MERGED from [diantu_daikuan_2.3.0:umeng_social_sdk_library:unspecified] AndroidManifest.xml:14:5-68
	android:name
		ADDED from diantu_daikuan_2.3.0\AndroidManifest.xml:25:22-65
uses-permission#android.permission.VIBRATE
ADDED from diantu_daikuan_2.3.0\AndroidManifest.xml:26:5-66
	android:name
		ADDED from diantu_daikuan_2.3.0\AndroidManifest.xml:26:22-63
uses-permission#android.permission.CHANGE_NETWORK_STATE
ADDED from diantu_daikuan_2.3.0\AndroidManifest.xml:27:5-79
MERGED from [diantu_daikuan_2.3.0:umeng_push_lib:unspecified] AndroidManifest.xml:18:5-79
MERGED from [diantu_daikuan_2.3.0:GaoDeLib:unspecified] AndroidManifest.xml:11:5-79
	android:name
		ADDED from diantu_daikuan_2.3.0\AndroidManifest.xml:27:22-76
uses-permission#android.permission.INTERNET
ADDED from diantu_daikuan_2.3.0\AndroidManifest.xml:28:5-67
MERGED from [diantu_daikuan_2.3.0:umeng_social_sdk_library:unspecified] AndroidManifest.xml:13:5-67
MERGED from [diantu_daikuan_2.3.0:umeng_push_lib:unspecified] AndroidManifest.xml:12:5-67
MERGED from [diantu_daikuan_2.3.0:GaoDeLib:unspecified] AndroidManifest.xml:12:5-67
	android:name
		ADDED from diantu_daikuan_2.3.0\AndroidManifest.xml:28:22-64
uses-permission#android.permission.BROADCAST_STICKY
ADDED from diantu_daikuan_2.3.0\AndroidManifest.xml:29:5-75
	android:name
		ADDED from diantu_daikuan_2.3.0\AndroidManifest.xml:29:22-72
uses-permission#android.permission.WRITE_SETTINGS
ADDED from diantu_daikuan_2.3.0\AndroidManifest.xml:30:5-73
MERGED from [diantu_daikuan_2.3.0:umeng_push_lib:unspecified] AndroidManifest.xml:11:5-73
	android:name
		ADDED from diantu_daikuan_2.3.0\AndroidManifest.xml:30:22-70
uses-permission#android.permission.CALL_PHONE
ADDED from diantu_daikuan_2.3.0\AndroidManifest.xml:32:5-69
MERGED from [diantu_daikuan_2.3.0:umeng_social_sdk_library:unspecified] AndroidManifest.xml:15:5-69
	android:name
		ADDED from diantu_daikuan_2.3.0\AndroidManifest.xml:32:22-66
uses-permission#android.permission.BROADCAST_PACKAGE_ADDED
ADDED from diantu_daikuan_2.3.0\AndroidManifest.xml:34:5-82
	android:name
		ADDED from diantu_daikuan_2.3.0\AndroidManifest.xml:34:22-79
uses-permission#android.permission.BROADCAST_PACKAGE_CHANGED
ADDED from diantu_daikuan_2.3.0\AndroidManifest.xml:35:5-84
	android:name
		ADDED from diantu_daikuan_2.3.0\AndroidManifest.xml:35:22-81
uses-permission#android.permission.BROADCAST_PACKAGE_INSTALL
ADDED from diantu_daikuan_2.3.0\AndroidManifest.xml:36:5-84
	android:name
		ADDED from diantu_daikuan_2.3.0\AndroidManifest.xml:36:22-81
uses-permission#android.permission.BROADCAST_PACKAGE_REPLACED
ADDED from diantu_daikuan_2.3.0\AndroidManifest.xml:37:5-85
	android:name
		ADDED from diantu_daikuan_2.3.0\AndroidManifest.xml:37:22-82
uses-permission#android.permission.RESTART_PACKAGES
ADDED from diantu_daikuan_2.3.0\AndroidManifest.xml:38:5-75
	android:name
		ADDED from diantu_daikuan_2.3.0\AndroidManifest.xml:38:22-72
uses-permission#android.permission.GET_ACCOUNTS
ADDED from diantu_daikuan_2.3.0\AndroidManifest.xml:39:5-71
MERGED from [diantu_daikuan_2.3.0:umeng_social_sdk_library:unspecified] AndroidManifest.xml:21:5-71
	android:name
		ADDED from diantu_daikuan_2.3.0\AndroidManifest.xml:39:22-68
uses-permission#android.permission.ACCES_MOCK_LOCATION
ADDED from diantu_daikuan_2.3.0\AndroidManifest.xml:42:5-78
	android:name
		ADDED from diantu_daikuan_2.3.0\AndroidManifest.xml:42:22-75
uses-permission#android.permission.ACCESS_FINE_LOCATION
ADDED from diantu_daikuan_2.3.0\AndroidManifest.xml:43:5-79
MERGED from [diantu_daikuan_2.3.0:umeng_social_sdk_library:unspecified] AndroidManifest.xml:16:5-79
MERGED from [diantu_daikuan_2.3.0:GaoDeLib:unspecified] AndroidManifest.xml:16:5-79
	android:name
		ADDED from diantu_daikuan_2.3.0\AndroidManifest.xml:43:22-76
uses-permission#com.android.launcher.permission.READ_SETTINGS
ADDED from diantu_daikuan_2.3.0\AndroidManifest.xml:44:5-85
	android:name
		ADDED from diantu_daikuan_2.3.0\AndroidManifest.xml:44:22-82
uses-permission#android.permission.BAIDU_LOCATION_SERVICE
ADDED from diantu_daikuan_2.3.0\AndroidManifest.xml:45:5-81
	android:name
		ADDED from diantu_daikuan_2.3.0\AndroidManifest.xml:45:22-78
uses-permission#android.permission.ACCESS_COARSE_LOCATION
ADDED from diantu_daikuan_2.3.0\AndroidManifest.xml:46:5-81
MERGED from [diantu_daikuan_2.3.0:umeng_social_sdk_library:unspecified] AndroidManifest.xml:17:5-81
MERGED from [diantu_daikuan_2.3.0:GaoDeLib:unspecified] AndroidManifest.xml:14:5-81
	android:name
		ADDED from diantu_daikuan_2.3.0\AndroidManifest.xml:46:22-78
uses-permission#android.permission.ACCESS_GPS
ADDED from diantu_daikuan_2.3.0\AndroidManifest.xml:47:5-69
	android:name
		ADDED from diantu_daikuan_2.3.0\AndroidManifest.xml:47:22-66
uses-permission#android.permission.PROCESS_OUTGOING_CALLS
ADDED from diantu_daikuan_2.3.0\AndroidManifest.xml:50:5-81
	android:name
		ADDED from diantu_daikuan_2.3.0\AndroidManifest.xml:50:22-78
uses-permission#android.permission.READ_PHONE_STATE
ADDED from diantu_daikuan_2.3.0\AndroidManifest.xml:51:5-75
MERGED from [diantu_daikuan_2.3.0:umeng_social_sdk_library:unspecified] AndroidManifest.xml:11:5-75
MERGED from [diantu_daikuan_2.3.0:umeng_push_lib:unspecified] AndroidManifest.xml:17:5-75
MERGED from [diantu_daikuan_2.3.0:GaoDeLib:unspecified] AndroidManifest.xml:17:5-75
	android:name
		ADDED from diantu_daikuan_2.3.0\AndroidManifest.xml:51:22-72
uses-permission#android.permission.MODIFY_AUDIO_SETTINGS
ADDED from diantu_daikuan_2.3.0\AndroidManifest.xml:52:5-80
	android:name
		ADDED from diantu_daikuan_2.3.0\AndroidManifest.xml:52:22-77
uses-permission#android.permission.RECORD_AUDIO
ADDED from diantu_daikuan_2.3.0\AndroidManifest.xml:53:5-71
	android:name
		ADDED from diantu_daikuan_2.3.0\AndroidManifest.xml:53:22-68
uses-permission#android.permission.BLUETOOTH
ADDED from diantu_daikuan_2.3.0\AndroidManifest.xml:56:5-68
	android:name
		ADDED from diantu_daikuan_2.3.0\AndroidManifest.xml:56:22-65
uses-permission#android.permission.REQUEST_IGNORE_BATTERY_OPTIMIZATIONS
ADDED from diantu_daikuan_2.3.0\AndroidManifest.xml:57:5-95
	android:name
		ADDED from diantu_daikuan_2.3.0\AndroidManifest.xml:57:22-92
uses-permission#android.permission.SET_DEBUG_APP
ADDED from diantu_daikuan_2.3.0\AndroidManifest.xml:59:5-72
MERGED from [diantu_daikuan_2.3.0:umeng_social_sdk_library:unspecified] AndroidManifest.xml:19:5-72
	android:name
		ADDED from diantu_daikuan_2.3.0\AndroidManifest.xml:59:22-69
uses-permission#android.permission.USE_CREDENTIALS
ADDED from diantu_daikuan_2.3.0\AndroidManifest.xml:60:5-74
MERGED from [diantu_daikuan_2.3.0:umeng_social_sdk_library:unspecified] AndroidManifest.xml:22:5-74
	android:name
		ADDED from diantu_daikuan_2.3.0\AndroidManifest.xml:60:22-71
uses-permission#android.permission.MANAGE_ACCOUNTS
ADDED from diantu_daikuan_2.3.0\AndroidManifest.xml:61:5-74
MERGED from [diantu_daikuan_2.3.0:umeng_social_sdk_library:unspecified] AndroidManifest.xml:23:5-74
	android:name
		ADDED from diantu_daikuan_2.3.0\AndroidManifest.xml:61:22-71
supports-screens
ADDED from diantu_daikuan_2.3.0\AndroidManifest.xml:65:5-71:40
	android:largeScreens
		ADDED from diantu_daikuan_2.3.0\AndroidManifest.xml:67:9-36
	android:smallScreens
		ADDED from diantu_daikuan_2.3.0\AndroidManifest.xml:70:9-36
	android:normalScreens
		ADDED from diantu_daikuan_2.3.0\AndroidManifest.xml:68:9-37
	android:xlargeScreens
		ADDED from diantu_daikuan_2.3.0\AndroidManifest.xml:71:9-37
	android:resizeable
		ADDED from diantu_daikuan_2.3.0\AndroidManifest.xml:69:9-34
	android:anyDensity
		ADDED from diantu_daikuan_2.3.0\AndroidManifest.xml:66:9-34
application
ADDED from diantu_daikuan_2.3.0\AndroidManifest.xml:73:5-466:19
MERGED from [diantu_daikuan_2.3.0:handmarkPulltorefreshLibrary-master:unspecified] AndroidManifest.xml:9:5-10:19
MERGED from [diantu_daikuan_2.3.0:wheel_lib:unspecified] AndroidManifest.xml:11:5-12:19
MERGED from [diantu_daikuan_2.3.0:android-auto-scroll-view-pager-master:unspecified] AndroidManifest.xml:9:5-10:19
MERGED from [com.android.support:support-v4:23.0.1] AndroidManifest.xml:22:5-20
MERGED from [diantu_daikuan_2.3.0:OneSDK_dk_IMKit-1.8.2:unspecified] AndroidManifest.xml:5:5-6:19
MERGED from [diantu_daikuan_2.3.0:imgload_lib:unspecified] AndroidManifest.xml:11:5-12:19
MERGED from [diantu_daikuan_2.3.0:okhttp_lib:unspecified] AndroidManifest.xml:11:5-12:19
MERGED from [com.android.support:support-v4:23.0.1] AndroidManifest.xml:22:5-20
MERGED from [diantu_daikuan_2.3.0:umeng_social_sdk_library:unspecified] AndroidManifest.xml:25:5-30:19
MERGED from [diantu_daikuan_2.3.0:umeng_push_lib:unspecified] AndroidManifest.xml:23:5-24:19
MERGED from [com.android.support:support-v4:23.0.1] AndroidManifest.xml:22:5-20
MERGED from [diantu_daikuan_2.3.0:immortalviewpager:unspecified] AndroidManifest.xml:11:5-12:19
MERGED from [com.android.support:support-v4:23.0.1] AndroidManifest.xml:22:5-20
MERGED from [diantu_daikuan_2.3.0:DoubleDatePicker-master:unspecified] AndroidManifest.xml:11:5-12:19
MERGED from [diantu_daikuan_2.3.0:android-flowlayout-master-lib:unspecified] AndroidManifest.xml:11:5-12:19
MERGED from [diantu_daikuan_2.3.0:GaoDeLib:unspecified] AndroidManifest.xml:23:5-24:19
	android:label
		ADDED from diantu_daikuan_2.3.0\AndroidManifest.xml:77:9-41
	android:allowBackup
		ADDED from diantu_daikuan_2.3.0\AndroidManifest.xml:75:9-35
	android:icon
		ADDED from diantu_daikuan_2.3.0\AndroidManifest.xml:76:9-42
	android:largeHeap
		ADDED from diantu_daikuan_2.3.0\AndroidManifest.xml:78:9-33
	android:theme
		ADDED from diantu_daikuan_2.3.0\AndroidManifest.xml:79:9-56
	android:name
		ADDED from diantu_daikuan_2.3.0\AndroidManifest.xml:74:9-38
activity#com.sxjs.diantu_daikuan.ui.activity.SplashActivity
ADDED from diantu_daikuan_2.3.0\AndroidManifest.xml:81:9-88:20
	android:theme
		ADDED from diantu_daikuan_2.3.0\AndroidManifest.xml:82:13-60
	android:name
		ADDED from diantu_daikuan_2.3.0\AndroidManifest.xml:81:19-61
intent-filter#android.intent.action.MAIN+android.intent.category.LAUNCHER
ADDED from diantu_daikuan_2.3.0\AndroidManifest.xml:83:13-87:29
action#android.intent.action.MAIN
ADDED from diantu_daikuan_2.3.0\AndroidManifest.xml:84:17-69
	android:name
		ADDED from diantu_daikuan_2.3.0\AndroidManifest.xml:84:25-66
category#android.intent.category.LAUNCHER
ADDED from diantu_daikuan_2.3.0\AndroidManifest.xml:86:17-77
	android:name
		ADDED from diantu_daikuan_2.3.0\AndroidManifest.xml:86:27-74
activity#com.apreparey.CarcreditActivity
ADDED from diantu_daikuan_2.3.0\AndroidManifest.xml:90:9-91:61
	android:name
		ADDED from diantu_daikuan_2.3.0\AndroidManifest.xml:91:13-59
activity#com.apreparey.BuyHouseActivity
ADDED from diantu_daikuan_2.3.0\AndroidManifest.xml:92:9-93:60
	android:name
		ADDED from diantu_daikuan_2.3.0\AndroidManifest.xml:93:13-58
activity#com.apreparey.MulitLoanActivity
ADDED from diantu_daikuan_2.3.0\AndroidManifest.xml:94:9-95:61
	android:name
		ADDED from diantu_daikuan_2.3.0\AndroidManifest.xml:95:13-59
activity#com.sxjs.diantu_daikuan.ui.activity.SlidingHomeActivity
ADDED from diantu_daikuan_2.3.0\AndroidManifest.xml:98:9-100:47
	android:launchMode
		ADDED from diantu_daikuan_2.3.0\AndroidManifest.xml:100:13-44
	android:name
		ADDED from diantu_daikuan_2.3.0\AndroidManifest.xml:99:13-60
activity#com.sxjs.diantu_daikuan.ui.activity.MainHomeActivity
ADDED from diantu_daikuan_2.3.0\AndroidManifest.xml:102:9-105:55
	android:launchMode
		ADDED from diantu_daikuan_2.3.0\AndroidManifest.xml:104:13-44
	android:windowSoftInputMode
		ADDED from diantu_daikuan_2.3.0\AndroidManifest.xml:105:13-52
	android:name
		ADDED from diantu_daikuan_2.3.0\AndroidManifest.xml:103:13-57
activity#com.sxjs.diantu_daikuan.ui.activity.LoginRegActivity
ADDED from diantu_daikuan_2.3.0\AndroidManifest.xml:107:9-66
	android:name
		ADDED from diantu_daikuan_2.3.0\AndroidManifest.xml:107:19-63
activity#com.sxjs.diantu_daikuan.ui.activity.ForgetPwdActivity
ADDED from diantu_daikuan_2.3.0\AndroidManifest.xml:109:9-67
	android:name
		ADDED from diantu_daikuan_2.3.0\AndroidManifest.xml:109:19-64
activity#com.sxjs.diantu_daikuan.ui.activity.Reg1Activity
ADDED from diantu_daikuan_2.3.0\AndroidManifest.xml:111:9-62
	android:name
		ADDED from diantu_daikuan_2.3.0\AndroidManifest.xml:111:19-59
activity#com.sxjs.diantu_daikuan.ui.activity.Reg2Activity
ADDED from diantu_daikuan_2.3.0\AndroidManifest.xml:113:9-62
	android:name
		ADDED from diantu_daikuan_2.3.0\AndroidManifest.xml:113:19-59
activity#com.sxjs.diantu_daikuan.ui.activity.ModifyPwdActivity
ADDED from diantu_daikuan_2.3.0\AndroidManifest.xml:115:9-67
	android:name
		ADDED from diantu_daikuan_2.3.0\AndroidManifest.xml:115:19-64
activity#com.sxjs.diantu_daikuan.ui.activity.ModifyPwd2Activity
ADDED from diantu_daikuan_2.3.0\AndroidManifest.xml:117:9-68
	android:name
		ADDED from diantu_daikuan_2.3.0\AndroidManifest.xml:117:19-65
activity#com.sxjs.diantu_daikuan.ui.activity.SystemMsgActivity
ADDED from diantu_daikuan_2.3.0\AndroidManifest.xml:119:9-67
	android:name
		ADDED from diantu_daikuan_2.3.0\AndroidManifest.xml:119:19-64
activity#com.sxjs.diantu_daikuan.ui.activity.FeedBackActivity
ADDED from diantu_daikuan_2.3.0\AndroidManifest.xml:121:9-66
	android:name
		ADDED from diantu_daikuan_2.3.0\AndroidManifest.xml:121:19-63
activity#com.sxjs.diantu_daikuan.ui.activity.OpenGuideActivity
ADDED from diantu_daikuan_2.3.0\AndroidManifest.xml:123:9-67
	android:name
		ADDED from diantu_daikuan_2.3.0\AndroidManifest.xml:123:19-64
activity#com.sxjs.diantu_daikuan.ui.activity.WebviewActivity
ADDED from diantu_daikuan_2.3.0\AndroidManifest.xml:125:9-65
	android:name
		ADDED from diantu_daikuan_2.3.0\AndroidManifest.xml:125:19-62
activity#com.sxjs.diantu_daikuan.ui.activity.ChooseCityActivity
ADDED from diantu_daikuan_2.3.0\AndroidManifest.xml:127:9-68
	android:name
		ADDED from diantu_daikuan_2.3.0\AndroidManifest.xml:127:19-65
activity#com.sxjs.diantu_daikuan.ui.activity.AboutUsActivity
ADDED from diantu_daikuan_2.3.0\AndroidManifest.xml:129:9-65
	android:name
		ADDED from diantu_daikuan_2.3.0\AndroidManifest.xml:129:19-62
activity#com.sxjs.diantu_daikuan.ui.activity.DaikuanProductDetailActivity
ADDED from diantu_daikuan_2.3.0\AndroidManifest.xml:131:9-78
	android:name
		ADDED from diantu_daikuan_2.3.0\AndroidManifest.xml:131:19-75
activity#com.sxjs.diantu_daikuan.ui.activity.LoginActivity
ADDED from diantu_daikuan_2.3.0\AndroidManifest.xml:133:9-63
	android:name
		ADDED from diantu_daikuan_2.3.0\AndroidManifest.xml:133:19-60
activity#com.sxjs.diantu_daikuan.ui.activity.HotDaikuanCashInstallmentsActivity
ADDED from diantu_daikuan_2.3.0\AndroidManifest.xml:135:9-84
	android:name
		ADDED from diantu_daikuan_2.3.0\AndroidManifest.xml:135:19-81
activity#com.sxjs.diantu_daikuan.ui.activity.ConsultantDetailActiviy
ADDED from diantu_daikuan_2.3.0\AndroidManifest.xml:137:9-73
	android:name
		ADDED from diantu_daikuan_2.3.0\AndroidManifest.xml:137:19-70
activity#com.sxjs.diantu_daikuan.ui.activity.CreditManagerDetailActiviy
ADDED from diantu_daikuan_2.3.0\AndroidManifest.xml:139:9-76
	android:name
		ADDED from diantu_daikuan_2.3.0\AndroidManifest.xml:139:19-73
activity#com.sxjs.diantu_daikuan.ui.activity.MyInfoActivity
ADDED from diantu_daikuan_2.3.0\AndroidManifest.xml:142:9-64
	android:name
		ADDED from diantu_daikuan_2.3.0\AndroidManifest.xml:142:19-61
activity#com.sxjs.diantu_daikuan.ui.activity.MyDaikuanActivity
ADDED from diantu_daikuan_2.3.0\AndroidManifest.xml:144:9-67
	android:name
		ADDED from diantu_daikuan_2.3.0\AndroidManifest.xml:144:19-64
activity#com.sxjs.diantu_daikuan.ui.activity.ApplyLoanDetailActivity
ADDED from diantu_daikuan_2.3.0\AndroidManifest.xml:146:9-73
	android:name
		ADDED from diantu_daikuan_2.3.0\AndroidManifest.xml:146:19-70
activity#com.sxjs.diantu_daikuan.ui.activity.ScoreActivity
ADDED from diantu_daikuan_2.3.0\AndroidManifest.xml:148:9-63
	android:name
		ADDED from diantu_daikuan_2.3.0\AndroidManifest.xml:148:19-60
activity#com.sxjs.diantu_daikuan.ui.activity.DK_PD_DetailActivity
ADDED from diantu_daikuan_2.3.0\AndroidManifest.xml:150:9-70
	android:name
		ADDED from diantu_daikuan_2.3.0\AndroidManifest.xml:150:19-67
activity#com.sxjs.diantu_daikuan.ui.activity.ApplyLoanActivity
ADDED from diantu_daikuan_2.3.0\AndroidManifest.xml:152:9-67
	android:name
		ADDED from diantu_daikuan_2.3.0\AndroidManifest.xml:152:19-64
service#com.sxjs.diantu_daikuan.ui.service.IMLoginService
ADDED from diantu_daikuan_2.3.0\AndroidManifest.xml:154:9-62
	android:name
		ADDED from diantu_daikuan_2.3.0\AndroidManifest.xml:154:18-59
activity#com.sxjs.diantu_daikuan.ui.activity.TestImgActivity
ADDED from diantu_daikuan_2.3.0\AndroidManifest.xml:156:9-65
	android:name
		ADDED from diantu_daikuan_2.3.0\AndroidManifest.xml:156:19-62
activity#com.sxjs.diantu_daikuan.ui.activity.ChooseGuarantyActivity
ADDED from diantu_daikuan_2.3.0\AndroidManifest.xml:158:9-72
	android:name
		ADDED from diantu_daikuan_2.3.0\AndroidManifest.xml:158:19-69
activity#com.sxjs.diantu_daikuan.ui.activity.ApplyDkActivity
ADDED from diantu_daikuan_2.3.0\AndroidManifest.xml:160:9-65
	android:name
		ADDED from diantu_daikuan_2.3.0\AndroidManifest.xml:160:19-62
activity#com.sxjs.diantu_daikuan.ui.activity.ApplySucessActivity
ADDED from diantu_daikuan_2.3.0\AndroidManifest.xml:162:9-69
	android:name
		ADDED from diantu_daikuan_2.3.0\AndroidManifest.xml:162:19-66
activity#com.sxjs.diantu_daikuan.ui.activity.ProvinceActivity
ADDED from diantu_daikuan_2.3.0\AndroidManifest.xml:164:9-66
	android:name
		ADDED from diantu_daikuan_2.3.0\AndroidManifest.xml:164:19-63
activity#com.sxjs.diantu_daikuan.ui.activity.SchoolActivity
ADDED from diantu_daikuan_2.3.0\AndroidManifest.xml:166:9-64
	android:name
		ADDED from diantu_daikuan_2.3.0\AndroidManifest.xml:166:19-61
activity#com.sxjs.diantu_daikuan.ui.activity.UploadInfoActivity
ADDED from diantu_daikuan_2.3.0\AndroidManifest.xml:168:9-68
	android:name
		ADDED from diantu_daikuan_2.3.0\AndroidManifest.xml:168:19-65
receiver#com.sxjs.diantu_daikuan.ui.receiver.NetBroadCastReciver
ADDED from diantu_daikuan_2.3.0\AndroidManifest.xml:170:9-177:20
	android:label
		ADDED from diantu_daikuan_2.3.0\AndroidManifest.xml:172:13-48
	android:name
		ADDED from diantu_daikuan_2.3.0\AndroidManifest.xml:171:13-60
intent-filter#android.intent.action.USER_PRESENT+android.net.conn.CONNECTIVITY_CHANGE
ADDED from diantu_daikuan_2.3.0\AndroidManifest.xml:173:13-176:29
action#android.net.conn.CONNECTIVITY_CHANGE
ADDED from diantu_daikuan_2.3.0\AndroidManifest.xml:174:17-79
	android:name
		ADDED from diantu_daikuan_2.3.0\AndroidManifest.xml:174:25-76
action#android.intent.action.USER_PRESENT
ADDED from diantu_daikuan_2.3.0\AndroidManifest.xml:175:17-77
	android:name
		ADDED from diantu_daikuan_2.3.0\AndroidManifest.xml:175:25-74
activity#com.alibaba.sdk.android.webview.BaseWebViewActivity
ADDED from diantu_daikuan_2.3.0\AndroidManifest.xml:179:9-88
	android:name
		ADDED from diantu_daikuan_2.3.0\AndroidManifest.xml:179:19-85
receiver#com.alibaba.sdk.android.hotpatch.HotPatchBroadcastReceiver
ADDED from diantu_daikuan_2.3.0\AndroidManifest.xml:181:9-188:20
	android:process
		ADDED from diantu_daikuan_2.3.0\AndroidManifest.xml:184:13-40
	android:exported
		ADDED from diantu_daikuan_2.3.0\AndroidManifest.xml:183:13-37
	android:name
		ADDED from diantu_daikuan_2.3.0\AndroidManifest.xml:182:13-86
intent-filter#com.alibaba.sdk.android.hotpatch.action.HOT_PATCH
ADDED from diantu_daikuan_2.3.0\AndroidManifest.xml:185:13-187:29
action#com.alibaba.sdk.android.hotpatch.action.HOT_PATCH
ADDED from diantu_daikuan_2.3.0\AndroidManifest.xml:186:17-92
	android:name
		ADDED from diantu_daikuan_2.3.0\AndroidManifest.xml:186:25-89
activity#com.alibaba.mobileim.ui.WxChattingActvity
ADDED from diantu_daikuan_2.3.0\AndroidManifest.xml:192:9-198:70
	android:screenOrientation
		ADDED from diantu_daikuan_2.3.0\AndroidManifest.xml:196:13-49
	android:launchMode
		ADDED from diantu_daikuan_2.3.0\AndroidManifest.xml:195:13-43
	android:windowSoftInputMode
		ADDED from diantu_daikuan_2.3.0\AndroidManifest.xml:198:13-67
	android:configChanges
		ADDED from diantu_daikuan_2.3.0\AndroidManifest.xml:194:13-63
	android:theme
		ADDED from diantu_daikuan_2.3.0\AndroidManifest.xml:197:13-69
	android:name
		ADDED from diantu_daikuan_2.3.0\AndroidManifest.xml:193:13-69
activity#com.alibaba.mobileim.ui.WxConversationActivity
ADDED from diantu_daikuan_2.3.0\AndroidManifest.xml:200:9-205:69
	android:screenOrientation
		ADDED from diantu_daikuan_2.3.0\AndroidManifest.xml:204:13-49
	android:launchMode
		ADDED from diantu_daikuan_2.3.0\AndroidManifest.xml:203:13-43
	android:configChanges
		ADDED from diantu_daikuan_2.3.0\AndroidManifest.xml:202:13-63
	android:theme
		ADDED from diantu_daikuan_2.3.0\AndroidManifest.xml:205:13-66
	android:name
		ADDED from diantu_daikuan_2.3.0\AndroidManifest.xml:201:13-74
activity#com.alibaba.mobileim.ui.chat.MultiImageActivity
ADDED from diantu_daikuan_2.3.0\AndroidManifest.xml:207:9-213:55
	android:screenOrientation
		ADDED from diantu_daikuan_2.3.0\AndroidManifest.xml:211:13-47
	android:hardwareAccelerated
		ADDED from diantu_daikuan_2.3.0\AndroidManifest.xml:209:13-48
	android:launchMode
		ADDED from diantu_daikuan_2.3.0\AndroidManifest.xml:210:13-43
	android:windowSoftInputMode
		ADDED from diantu_daikuan_2.3.0\AndroidManifest.xml:213:13-52
	android:theme
		ADDED from diantu_daikuan_2.3.0\AndroidManifest.xml:212:13-64
	android:name
		ADDED from diantu_daikuan_2.3.0\AndroidManifest.xml:208:13-75
activity#com.alibaba.mobileim.kit.imageviewer.ShowImageActivity
ADDED from diantu_daikuan_2.3.0\AndroidManifest.xml:214:9-220:55
	android:screenOrientation
		ADDED from diantu_daikuan_2.3.0\AndroidManifest.xml:218:13-49
	android:hardwareAccelerated
		ADDED from diantu_daikuan_2.3.0\AndroidManifest.xml:216:13-48
	android:launchMode
		ADDED from diantu_daikuan_2.3.0\AndroidManifest.xml:217:13-43
	android:windowSoftInputMode
		ADDED from diantu_daikuan_2.3.0\AndroidManifest.xml:220:13-52
	android:theme
		ADDED from diantu_daikuan_2.3.0\AndroidManifest.xml:219:13-64
	android:name
		ADDED from diantu_daikuan_2.3.0\AndroidManifest.xml:215:13-82
activity#com.alibaba.mobileim.ui.multi.lightservice.MultiPickGalleryActivity
ADDED from diantu_daikuan_2.3.0\AndroidManifest.xml:221:9-225:69
	android:screenOrientation
		ADDED from diantu_daikuan_2.3.0\AndroidManifest.xml:224:13-49
	android:configChanges
		ADDED from diantu_daikuan_2.3.0\AndroidManifest.xml:223:13-63
	android:theme
		ADDED from diantu_daikuan_2.3.0\AndroidManifest.xml:225:13-66
	android:name
		ADDED from diantu_daikuan_2.3.0\AndroidManifest.xml:222:13-95
activity#com.alibaba.mobileim.kit.CloudPwdSettingHintActivity
ADDED from diantu_daikuan_2.3.0\AndroidManifest.xml:227:9-232:69
	android:screenOrientation
		ADDED from diantu_daikuan_2.3.0\AndroidManifest.xml:231:13-49
	android:launchMode
		ADDED from diantu_daikuan_2.3.0\AndroidManifest.xml:230:13-43
	android:configChanges
		ADDED from diantu_daikuan_2.3.0\AndroidManifest.xml:229:13-63
	android:theme
		ADDED from diantu_daikuan_2.3.0\AndroidManifest.xml:232:13-66
	android:name
		ADDED from diantu_daikuan_2.3.0\AndroidManifest.xml:228:13-80
activity#com.alibaba.mobileim.login.WaitProgresssActivity
ADDED from diantu_daikuan_2.3.0\AndroidManifest.xml:234:9-85
	android:name
		ADDED from diantu_daikuan_2.3.0\AndroidManifest.xml:234:19-82
activity#com.alibaba.mobileim.ui.atmessage.AtMsgListActivity
ADDED from diantu_daikuan_2.3.0\AndroidManifest.xml:236:9-241:69
	android:screenOrientation
		ADDED from diantu_daikuan_2.3.0\AndroidManifest.xml:240:13-49
	android:launchMode
		ADDED from diantu_daikuan_2.3.0\AndroidManifest.xml:239:13-44
	android:configChanges
		ADDED from diantu_daikuan_2.3.0\AndroidManifest.xml:238:13-63
	android:theme
		ADDED from diantu_daikuan_2.3.0\AndroidManifest.xml:241:13-66